# JRE version: Java(TM) SE Runtime Environment (7.0_75-b13) (build 1.7.0_75-b13)
# Java VM: Java HotSpot(TM) 64-Bit Server VM (24.75-b04 mixed mode bsd-amd64 compressed oops)
Heap
 PSYoungGen      total 36352K, used 5265K [0x0000000140f80000, 0x0000000143580000, 0x0000000156500000)
  eden space 33792K, 8% used [0x0000000140f80000,0x0000000141227cf0,0x0000000143080000)
  from space 2560K, 99% used [0x0000000143300000,0x000000014357c778,0x0000000143580000)
  to   space 2560K, 0% used [0x0000000143080000,0x0000000143080000,0x0000000143300000)
 ParOldGen       total 43520K, used 9780K [0x0000000116500000, 0x0000000118f80000, 0x0000000140f80000)
  object space 43520K, 22% used [0x0000000116500000,0x0000000116e8d028,0x0000000118f80000)
 PSPermGen       total 21504K, used 18008K [0x0000000111300000, 0x0000000112800000, 0x0000000116500000)
  object space 21504K, 83% used [0x0000000111300000,0x0000000112496278,0x0000000112800000)
GC Heap History (8 events):
Event: 1.589 GC heap before
{Heap before GC invocations=1 (full 0):
 PSYoungGen      total 19456K, used 16896K [0x0000000140f80000, 0x0000000142500000, 0x0000000156500000)
  eden space 16896K, 100% used [0x0000000140f80000,0x0000000142000000,0x0000000142000000)
  from space 2560K, 0% used [0x0000000142280000,0x0000000142280000,0x0000000142500000)
  to   space 2560K, 0% used [0x0000000142000000,0x0000000142000000,0x0000000142280000)
 ParOldGen       total 43520K, used 0K [0x0000000116500000, 0x0000000118f80000, 0x0000000140f80000)
  object space 43520K, 0% used [0x0000000116500000,0x0000000116500000,0x0000000118f80000)
 PSPermGen       total 21504K, used 13716K [0x0000000111300000, 0x0000000112800000, 0x0000000116500000)
  object space 21504K, 63% used [0x0000000111300000,0x00000001120652a0,0x0000000112800000)
Event: 1.604 GC heap after
Heap after GC invocations=1 (full 0):
 PSYoungGen      total 19456K, used 2540K [0x0000000140f80000, 0x0000000142500000, 0x0000000156500000)
  eden space 16896K, 0% used [0x0000000140f80000,0x0000000140f80000,0x0000000142000000)
  from space 2560K, 99% used [0x0000000142000000,0x000000014227b030,0x0000000142280000)
  to   space 2560K, 0% used [0x0000000142280000,0x0000000142280000,0x0000000142500000)
 ParOldGen       total 43520K, used 4813K [0x0000000116500000, 0x0000000118f80000, 0x0000000140f80000)
  object space 43520K, 11% used [0x0000000116500000,0x00000001169b3700,0x0000000118f80000)
 PSPermGen       total 21504K, used 13716K [0x0000000111300000, 0x0000000112800000, 0x0000000116500000)
  object space 21504K, 63% used [0x0000000111300000,0x00000001120652a0,0x0000000112800000)
}
Event: 2.056 GC heap before
{Heap before GC invocations=2 (full 0):
 PSYoungGen      total 19456K, used 19436K [0x0000000140f80000, 0x0000000142500000, 0x0000000156500000)
  eden space 16896K, 100% used [0x0000000140f80000,0x0000000142000000,0x0000000142000000)
  from space 2560K, 99% used [0x0000000142000000,0x000000014227b030,0x0000000142280000)
  to   space 2560K, 0% used [0x0000000142280000,0x0000000142280000,0x0000000142500000)
 ParOldGen       total 43520K, used 4813K [0x0000000116500000, 0x0000000118f80000, 0x0000000140f80000)
  object space 43520K, 11% used [0x0000000116500000,0x00000001169b3700,0x0000000118f80000)
 PSPermGen       total 21504K, used 16341K [0x0000000111300000, 0x0000000112800000, 0x0000000116500000)
  object space 21504K, 75% used [0x0000000111300000,0x00000001122f54d8,0x0000000112800000)
Event: 2.065 GC heap after
Heap after GC invocations=2 (full 0):
 PSYoungGen      total 19456K, used 2558K [0x0000000140f80000, 0x0000000143580000, 0x0000000156500000)
  eden space 16896K, 0% used [0x0000000140f80000,0x0000000140f80000,0x0000000142000000)
  from space 2560K, 99% used [0x0000000142280000,0x00000001424ff848,0x0000000142500000)
  to   space 2560K, 0% used [0x0000000142000000,0x0000000142000000,0x0000000142280000)
 ParOldGen       total 43520K, used 5351K [0x0000000116500000, 0x0000000118f80000, 0x0000000140f80000)
  object space 43520K, 12% used [0x0000000116500000,0x0000000116a39d28,0x0000000118f80000)
 PSPermGen       total 21504K, used 16341K [0x0000000111300000, 0x0000000112800000, 0x0000000116500000)
  object space 21504K, 75% used [0x0000000111300000,0x00000001122f54d8,0x0000000112800000)
}
Event: 2.472 GC heap before
{Heap before GC invocations=3 (full 0):
 PSYoungGen      total 19456K, used 19413K [0x0000000140f80000, 0x0000000143580000, 0x0000000156500000)
  eden space 16896K, 99% used [0x0000000140f80000,0x0000000141ff5f90,0x0000000142000000)
  from space 2560K, 99% used [0x0000000142280000,0x00000001424ff848,0x0000000142500000)
  to   space 2560K, 0% used [0x0000000142000000,0x0000000142000000,0x0000000142280000)
 ParOldGen       total 43520K, used 5351K [0x0000000116500000, 0x0000000118f80000, 0x0000000140f80000)
  object space 43520K, 12% used [0x0000000116500000,0x0000000116a39d28,0x0000000118f80000)
 PSPermGen       total 21504K, used 17752K [0x0000000111300000, 0x0000000112800000, 0x0000000116500000)
  object space 21504K, 82% used [0x0000000111300000,0x00000001124560f0,0x0000000112800000)
Event: 2.483 GC heap after
Heap after GC invocations=3 (full 0):
 PSYoungGen      total 19456K, used 2548K [0x0000000140f80000, 0x0000000143580000, 0x0000000156500000)
  eden space 16896K, 0% used [0x0000000140f80000,0x0000000140f80000,0x0000000142000000)
  from space 2560K, 99% used [0x0000000142000000,0x000000014227d240,0x0000000142280000)
  to   space 2560K, 0% used [0x0000000143300000,0x0000000143300000,0x0000000143580000)
 ParOldGen       total 43520K, used 9164K [0x0000000116500000, 0x0000000118f80000, 0x0000000140f80000)
  object space 43520K, 21% used [0x0000000116500000,0x0000000116df3258,0x0000000118f80000)
 PSPermGen       total 21504K, used 17752K [0x0000000111300000, 0x0000000112800000, 0x0000000116500000)
  object space 21504K, 82% used [0x0000000111300000,0x00000001124560f0,0x0000000112800000)
}
Event: 6.341 GC heap before
{Heap before GC invocations=4 (full 0):
 PSYoungGen      total 19456K, used 19284K [0x0000000140f80000, 0x0000000143580000, 0x0000000156500000)
  eden space 16896K, 99% used [0x0000000140f80000,0x0000000141fd7ef8,0x0000000142000000)
  from space 2560K, 99% used [0x0000000142000000,0x000000014227d240,0x0000000142280000)
  to   space 2560K, 0% used [0x0000000143300000,0x0000000143300000,0x0000000143580000)
 ParOldGen       total 43520K, used 9164K [0x0000000116500000, 0x0000000118f80000, 0x0000000140f80000)
  object space 43520K, 21% used [0x0000000116500000,0x0000000116df3258,0x0000000118f80000)
 PSPermGen       total 21504K, used 17972K [0x0000000111300000, 0x0000000112800000, 0x0000000116500000)
  object space 21504K, 83% used [0x0000000111300000,0x000000011248d0e8,0x0000000112800000)
Event: 6.347 GC heap after
Heap after GC invocations=4 (full 0):
 PSYoungGen      total 36352K, used 2545K [0x0000000140f80000, 0x0000000143580000, 0x0000000156500000)
  eden space 33792K, 0% used [0x0000000140f80000,0x0000000140f80000,0x0000000143080000)
  from space 2560K, 99% used [0x0000000143300000,0x000000014357c778,0x0000000143580000)
  to   space 2560K, 0% used [0x0000000143080000,0x0000000143080000,0x0000000143300000)
 ParOldGen       total 43520K, used 9780K [0x0000000116500000, 0x0000000118f80000, 0x0000000140f80000)
  object space 43520K, 22% used [0x0000000116500000,0x0000000116e8d028,0x0000000118f80000)
 PSPermGen       total 21504K, used 17972K [0x0000000111300000, 0x0000000112800000, 0x0000000116500000)
  object space 21504K, 83% used [0x0000000111300000,0x000000011248d0e8,0x0000000112800000)
}

