# JRE version: Java(TM) SE Runtime Environment (7.0_75-b13) (build 1.7.0_75-b13)
# Java VM: Java HotSpot(TM) 64-Bit Server VM (24.75-b04 mixed mode bsd-amd64 compressed oops)
Heap
 PSYoungGen      total 36352K, used 12917K [0x000000013dc00000, 0x0000000140200000, 0x0000000153180000)
  eden space 33792K, 30% used [0x000000013dc00000,0x000000013e61f400,0x000000013fd00000)
  from space 2560K, 99% used [0x000000013ff80000,0x00000001401fe208,0x0000000140200000)
  to   space 2560K, 0% used [0x000000013fd00000,0x000000013fd00000,0x000000013ff80000)
 ParOldGen       total 43520K, used 10083K [0x0000000113180000, 0x0000000115c00000, 0x000000013dc00000)
  object space 43520K, 23% used [0x0000000113180000,0x0000000113b58d68,0x0000000115c00000)
 PSPermGen       total 21504K, used 18022K [0x000000010df80000, 0x000000010f480000, 0x0000000113180000)
  object space 21504K, 83% used [0x000000010df80000,0x000000010f119b30,0x000000010f480000)
GC Heap History (8 events):
Event: 1.448 GC heap before
{Heap before GC invocations=1 (full 0):
 PSYoungGen      total 19456K, used 16896K [0x000000013dc00000, 0x000000013f180000, 0x0000000153180000)
  eden space 16896K, 100% used [0x000000013dc00000,0x000000013ec80000,0x000000013ec80000)
  from space 2560K, 0% used [0x000000013ef00000,0x000000013ef00000,0x000000013f180000)
  to   space 2560K, 0% used [0x000000013ec80000,0x000000013ec80000,0x000000013ef00000)
 ParOldGen       total 43520K, used 0K [0x0000000113180000, 0x0000000115c00000, 0x000000013dc00000)
  object space 43520K, 0% used [0x0000000113180000,0x0000000113180000,0x0000000115c00000)
 PSPermGen       total 21504K, used 13712K [0x000000010df80000, 0x000000010f480000, 0x0000000113180000)
  object space 21504K, 63% used [0x000000010df80000,0x000000010ece4220,0x000000010f480000)
Event: 1.459 GC heap after
Heap after GC invocations=1 (full 0):
 PSYoungGen      total 19456K, used 2554K [0x000000013dc00000, 0x000000013f180000, 0x0000000153180000)
  eden space 16896K, 0% used [0x000000013dc00000,0x000000013dc00000,0x000000013ec80000)
  from space 2560K, 99% used [0x000000013ec80000,0x000000013eefea10,0x000000013ef00000)
  to   space 2560K, 0% used [0x000000013ef00000,0x000000013ef00000,0x000000013f180000)
 ParOldGen       total 43520K, used 4536K [0x0000000113180000, 0x0000000115c00000, 0x000000013dc00000)
  object space 43520K, 10% used [0x0000000113180000,0x00000001135ee190,0x0000000115c00000)
 PSPermGen       total 21504K, used 13712K [0x000000010df80000, 0x000000010f480000, 0x0000000113180000)
  object space 21504K, 63% used [0x000000010df80000,0x000000010ece4220,0x000000010f480000)
}
Event: 1.903 GC heap before
{Heap before GC invocations=2 (full 0):
 PSYoungGen      total 19456K, used 19450K [0x000000013dc00000, 0x000000013f180000, 0x0000000153180000)
  eden space 16896K, 100% used [0x000000013dc00000,0x000000013ec80000,0x000000013ec80000)
  from space 2560K, 99% used [0x000000013ec80000,0x000000013eefea10,0x000000013ef00000)
  to   space 2560K, 0% used [0x000000013ef00000,0x000000013ef00000,0x000000013f180000)
 ParOldGen       total 43520K, used 4536K [0x0000000113180000, 0x0000000115c00000, 0x000000013dc00000)
  object space 43520K, 10% used [0x0000000113180000,0x00000001135ee190,0x0000000115c00000)
 PSPermGen       total 21504K, used 16337K [0x000000010df80000, 0x000000010f480000, 0x0000000113180000)
  object space 21504K, 75% used [0x000000010df80000,0x000000010ef74648,0x000000010f480000)
Event: 1.915 GC heap after
Heap after GC invocations=2 (full 0):
 PSYoungGen      total 19456K, used 2552K [0x000000013dc00000, 0x0000000140200000, 0x0000000153180000)
  eden space 16896K, 0% used [0x000000013dc00000,0x000000013dc00000,0x000000013ec80000)
  from space 2560K, 99% used [0x000000013ef00000,0x000000013f17e208,0x000000013f180000)
  to   space 2560K, 0% used [0x000000013ec80000,0x000000013ec80000,0x000000013ef00000)
 ParOldGen       total 43520K, used 6757K [0x0000000113180000, 0x0000000115c00000, 0x000000013dc00000)
  object space 43520K, 15% used [0x0000000113180000,0x0000000113819760,0x0000000115c00000)
 PSPermGen       total 21504K, used 16337K [0x000000010df80000, 0x000000010f480000, 0x0000000113180000)
  object space 21504K, 75% used [0x000000010df80000,0x000000010ef74648,0x000000010f480000)
}
Event: 2.349 GC heap before
{Heap before GC invocations=3 (full 0):
 PSYoungGen      total 19456K, used 19448K [0x000000013dc00000, 0x0000000140200000, 0x0000000153180000)
  eden space 16896K, 100% used [0x000000013dc00000,0x000000013ec80000,0x000000013ec80000)
  from space 2560K, 99% used [0x000000013ef00000,0x000000013f17e208,0x000000013f180000)
  to   space 2560K, 0% used [0x000000013ec80000,0x000000013ec80000,0x000000013ef00000)
 ParOldGen       total 43520K, used 6757K [0x0000000113180000, 0x0000000115c00000, 0x000000013dc00000)
  object space 43520K, 15% used [0x0000000113180000,0x0000000113819760,0x0000000115c00000)
 PSPermGen       total 21504K, used 17752K [0x000000010df80000, 0x000000010f480000, 0x0000000113180000)
  object space 21504K, 82% used [0x000000010df80000,0x000000010f0d6010,0x000000010f480000)
Event: 2.361 GC heap after
Heap after GC invocations=3 (full 0):
 PSYoungGen      total 19456K, used 2552K [0x000000013dc00000, 0x0000000140200000, 0x0000000153180000)
  eden space 16896K, 0% used [0x000000013dc00000,0x000000013dc00000,0x000000013ec80000)
  from space 2560K, 99% used [0x000000013ec80000,0x000000013eefe208,0x000000013ef00000)
  to   space 2560K, 0% used [0x000000013ff80000,0x000000013ff80000,0x0000000140200000)
 ParOldGen       total 43520K, used 9913K [0x0000000113180000, 0x0000000115c00000, 0x000000013dc00000)
  object space 43520K, 22% used [0x0000000113180000,0x0000000113b2e790,0x0000000115c00000)
 PSPermGen       total 21504K, used 17752K [0x000000010df80000, 0x000000010f480000, 0x0000000113180000)
  object space 21504K, 82% used [0x000000010df80000,0x000000010f0d6010,0x000000010f480000)
}
Event: 4.983 GC heap before
{Heap before GC invocations=4 (full 0):
 PSYoungGen      total 19456K, used 19448K [0x000000013dc00000, 0x0000000140200000, 0x0000000153180000)
  eden space 16896K, 100% used [0x000000013dc00000,0x000000013ec80000,0x000000013ec80000)
  from space 2560K, 99% used [0x000000013ec80000,0x000000013eefe208,0x000000013ef00000)
  to   space 2560K, 0% used [0x000000013ff80000,0x000000013ff80000,0x0000000140200000)
 ParOldGen       total 43520K, used 9913K [0x0000000113180000, 0x0000000115c00000, 0x000000013dc00000)
  object space 43520K, 22% used [0x0000000113180000,0x0000000113b2e790,0x0000000115c00000)
 PSPermGen       total 21504K, used 17952K [0x000000010df80000, 0x000000010f480000, 0x0000000113180000)
  object space 21504K, 83% used [0x000000010df80000,0x000000010f108048,0x000000010f480000)
Event: 4.990 GC heap after
Heap after GC invocations=4 (full 0):
 PSYoungGen      total 36352K, used 2552K [0x000000013dc00000, 0x0000000140200000, 0x0000000153180000)
  eden space 33792K, 0% used [0x000000013dc00000,0x000000013dc00000,0x000000013fd00000)
  from space 2560K, 99% used [0x000000013ff80000,0x00000001401fe208,0x0000000140200000)
  to   space 2560K, 0% used [0x000000013fd00000,0x000000013fd00000,0x000000013ff80000)
 ParOldGen       total 43520K, used 10083K [0x0000000113180000, 0x0000000115c00000, 0x000000013dc00000)
  object space 43520K, 23% used [0x0000000113180000,0x0000000113b58d68,0x0000000115c00000)
 PSPermGen       total 21504K, used 17952K [0x000000010df80000, 0x000000010f480000, 0x0000000113180000)
  object space 21504K, 83% used [0x000000010df80000,0x000000010f108048,0x000000010f480000)
}

