# JRE version: Java(TM) SE Runtime Environment (7.0_75-b13) (build 1.7.0_75-b13)
# Java VM: Java HotSpot(TM) 64-Bit Server VM (24.75-b04 mixed mode bsd-amd64 compressed oops)
Heap
 PSYoungGen      total 333312K, used 21418K [0x0000000135a00000, 0x000000014af80000, 0x000000014af80000)
  eden space 316928K, 6% used [0x0000000135a00000,0x0000000136eeabf0,0x0000000148f80000)
  from space 16384K, 0% used [0x0000000148f80000,0x0000000148f80000,0x0000000149f80000)
  to   space 15360K, 0% used [0x000000014a080000,0x000000014a080000,0x000000014af80000)
 ParOldGen       total 55808K, used 28725K [0x000000010af80000, 0x000000010e600000, 0x0000000135a00000)
  object space 55808K, 51% used [0x000000010af80000,0x000000010cb8d738,0x000000010e600000)
 PSPermGen       total 38912K, used 19336K [0x0000000105d80000, 0x0000000108380000, 0x000000010af80000)
  object space 38912K, 49% used [0x0000000105d80000,0x00000001070621e8,0x0000000108380000)
GC Heap History (10 events):
Event: 14.549 GC heap before
{Heap before GC invocations=10 (full 0):
 PSYoungGen      total 143872K, used 134746K [0x0000000135a00000, 0x0000000143e80000, 0x000000014af80000)
  eden space 134656K, 99% used [0x0000000135a00000,0x000000013dd7ebd8,0x000000013dd80000)
  from space 9216K, 1% used [0x000000013dd80000,0x000000013dd98000,0x000000013e680000)
  to   space 9216K, 0% used [0x0000000143580000,0x0000000143580000,0x0000000143e80000)
 ParOldGen       total 43520K, used 15133K [0x000000010af80000, 0x000000010da00000, 0x0000000135a00000)
  object space 43520K, 34% used [0x000000010af80000,0x000000010be475b0,0x000000010da00000)
 PSPermGen       total 21504K, used 18867K [0x0000000105d80000, 0x0000000107280000, 0x000000010af80000)
  object space 21504K, 87% used [0x0000000105d80000,0x0000000106fece18,0x0000000107280000)
Event: 14.550 GC heap after
Heap after GC invocations=10 (full 0):
 PSYoungGen      total 224768K, used 128K [0x0000000135a00000, 0x0000000143e80000, 0x000000014af80000)
  eden space 215552K, 0% used [0x0000000135a00000,0x0000000135a00000,0x0000000142c80000)
  from space 9216K, 1% used [0x0000000143580000,0x00000001435a0000,0x0000000143e80000)
  to   space 9216K, 0% used [0x0000000142c80000,0x0000000142c80000,0x0000000143580000)
 ParOldGen       total 43520K, used 15133K [0x000000010af80000, 0x000000010da00000, 0x0000000135a00000)
  object space 43520K, 34% used [0x000000010af80000,0x000000010be475b0,0x000000010da00000)
 PSPermGen       total 21504K, used 18867K [0x0000000105d80000, 0x0000000107280000, 0x000000010af80000)
  object space 21504K, 87% used [0x0000000105d80000,0x0000000106fece18,0x0000000107280000)
}
Event: 67.945 GC heap before
{Heap before GC invocations=11 (full 0):
 PSYoungGen      total 224768K, used 215680K [0x0000000135a00000, 0x0000000143e80000, 0x000000014af80000)
  eden space 215552K, 100% used [0x0000000135a00000,0x0000000142c80000,0x0000000142c80000)
  from space 9216K, 1% used [0x0000000143580000,0x00000001435a0000,0x0000000143e80000)
  to   space 9216K, 0% used [0x0000000142c80000,0x0000000142c80000,0x0000000143580000)
 ParOldGen       total 43520K, used 15189K [0x000000010af80000, 0x000000010da00000, 0x0000000135a00000)
  object space 43520K, 34% used [0x000000010af80000,0x000000010be55680,0x000000010da00000)
 PSPermGen       total 21504K, used 19064K [0x0000000105d80000, 0x0000000107280000, 0x000000010af80000)
  object space 21504K, 88% used [0x0000000105d80000,0x000000010701e238,0x0000000107280000)
Event: 67.954 GC heap after
Heap after GC invocations=11 (full 0):
 PSYoungGen      total 224768K, used 9209K [0x0000000135a00000, 0x000000014af80000, 0x000000014af80000)
  eden space 215552K, 0% used [0x0000000135a00000,0x0000000135a00000,0x0000000142c80000)
  from space 9216K, 99% used [0x0000000142c80000,0x000000014357e720,0x0000000143580000)
  to   space 11264K, 0% used [0x000000014a480000,0x000000014a480000,0x000000014af80000)
 ParOldGen       total 43520K, used 15807K [0x000000010af80000, 0x000000010da00000, 0x0000000135a00000)
  object space 43520K, 36% used [0x000000010af80000,0x000000010beeffc0,0x000000010da00000)
 PSPermGen       total 21504K, used 19064K [0x0000000105d80000, 0x0000000107280000, 0x000000010af80000)
  object space 21504K, 88% used [0x0000000105d80000,0x000000010701e238,0x0000000107280000)
}
Event: 128.532 GC heap before
{Heap before GC invocations=12 (full 0):
 PSYoungGen      total 224768K, used 224761K [0x0000000135a00000, 0x000000014af80000, 0x000000014af80000)
  eden space 215552K, 100% used [0x0000000135a00000,0x0000000142c80000,0x0000000142c80000)
  from space 9216K, 99% used [0x0000000142c80000,0x000000014357e720,0x0000000143580000)
  to   space 11264K, 0% used [0x000000014a480000,0x000000014a480000,0x000000014af80000)
 ParOldGen       total 43520K, used 15874K [0x000000010af80000, 0x000000010da00000, 0x0000000135a00000)
  object space 43520K, 36% used [0x000000010af80000,0x000000010bf00950,0x000000010da00000)
 PSPermGen       total 21504K, used 19217K [0x0000000105d80000, 0x0000000107280000, 0x000000010af80000)
  object space 21504K, 89% used [0x0000000105d80000,0x0000000107044410,0x0000000107280000)
Event: 128.548 GC heap after
Heap after GC invocations=12 (full 0):
 PSYoungGen      total 328192K, used 11263K [0x0000000135a00000, 0x000000014af80000, 0x000000014af80000)
  eden space 316928K, 0% used [0x0000000135a00000,0x0000000135a00000,0x0000000148f80000)
  from space 11264K, 99% used [0x000000014a480000,0x000000014af7fe80,0x000000014af80000)
  to   space 16384K, 0% used [0x0000000148f80000,0x0000000148f80000,0x0000000149f80000)
 ParOldGen       total 43520K, used 23820K [0x000000010af80000, 0x000000010da00000, 0x0000000135a00000)
  object space 43520K, 54% used [0x000000010af80000,0x000000010c6c32a8,0x000000010da00000)
 PSPermGen       total 21504K, used 19217K [0x0000000105d80000, 0x0000000107280000, 0x000000010af80000)
  object space 21504K, 89% used [0x0000000105d80000,0x0000000107044410,0x0000000107280000)
}
Event: 225.950 GC heap before
{Heap before GC invocations=13 (full 0):
 PSYoungGen      total 328192K, used 328191K [0x0000000135a00000, 0x000000014af80000, 0x000000014af80000)
  eden space 316928K, 100% used [0x0000000135a00000,0x0000000148f80000,0x0000000148f80000)
  from space 11264K, 99% used [0x000000014a480000,0x000000014af7fe80,0x000000014af80000)
  to   space 16384K, 0% used [0x0000000148f80000,0x0000000148f80000,0x0000000149f80000)
 ParOldGen       total 43520K, used 23820K [0x000000010af80000, 0x000000010da00000, 0x0000000135a00000)
  object space 43520K, 54% used [0x000000010af80000,0x000000010c6c32a8,0x000000010da00000)
 PSPermGen       total 21504K, used 19328K [0x0000000105d80000, 0x0000000107280000, 0x000000010af80000)
  object space 21504K, 89% used [0x0000000105d80000,0x0000000107060290,0x0000000107280000)
Event: 225.959 GC heap after
Heap after GC invocations=13 (full 0):
 PSYoungGen      total 333312K, used 2600K [0x0000000135a00000, 0x000000014af80000, 0x000000014af80000)
  eden space 316928K, 0% used [0x0000000135a00000,0x0000000135a00000,0x0000000148f80000)
  from space 16384K, 15% used [0x0000000148f80000,0x000000014920a300,0x0000000149f80000)
  to   space 15360K, 0% used [0x000000014a080000,0x000000014a080000,0x000000014af80000)
 ParOldGen       total 43520K, used 34313K [0x000000010af80000, 0x000000010da00000, 0x0000000135a00000)
  object space 43520K, 78% used [0x000000010af80000,0x000000010d102548,0x000000010da00000)
 PSPermGen       total 21504K, used 19328K [0x0000000105d80000, 0x0000000107280000, 0x000000010af80000)
  object space 21504K, 89% used [0x0000000105d80000,0x0000000107060290,0x0000000107280000)
}
Event: 225.960 GC heap before
{Heap before GC invocations=14 (full 1):
 PSYoungGen      total 333312K, used 2600K [0x0000000135a00000, 0x000000014af80000, 0x000000014af80000)
  eden space 316928K, 0% used [0x0000000135a00000,0x0000000135a00000,0x0000000148f80000)
  from space 16384K, 15% used [0x0000000148f80000,0x000000014920a300,0x0000000149f80000)
  to   space 15360K, 0% used [0x000000014a080000,0x000000014a080000,0x000000014af80000)
 ParOldGen       total 43520K, used 34313K [0x000000010af80000, 0x000000010da00000, 0x0000000135a00000)
  object space 43520K, 78% used [0x000000010af80000,0x000000010d102548,0x000000010da00000)
 PSPermGen       total 21504K, used 19328K [0x0000000105d80000, 0x0000000107280000, 0x000000010af80000)
  object space 21504K, 89% used [0x0000000105d80000,0x0000000107060290,0x0000000107280000)
Event: 226.042 GC heap after
Heap after GC invocations=14 (full 1):
 PSYoungGen      total 333312K, used 0K [0x0000000135a00000, 0x000000014af80000, 0x000000014af80000)
  eden space 316928K, 0% used [0x0000000135a00000,0x0000000135a00000,0x0000000148f80000)
  from space 16384K, 0% used [0x0000000148f80000,0x0000000148f80000,0x0000000149f80000)
  to   space 15360K, 0% used [0x000000014a080000,0x000000014a080000,0x000000014af80000)
 ParOldGen       total 55808K, used 28725K [0x000000010af80000, 0x000000010e600000, 0x0000000135a00000)
  object space 55808K, 51% used [0x000000010af80000,0x000000010cb8d738,0x000000010e600000)
 PSPermGen       total 38912K, used 19302K [0x0000000105d80000, 0x0000000108380000, 0x000000010af80000)
  object space 38912K, 49% used [0x0000000105d80000,0x0000000107059ac0,0x0000000108380000)
}

