# JRE version: Java(TM) SE Runtime Environment (7.0_75-b13) (build 1.7.0_75-b13)
# Java VM: Java HotSpot(TM) 64-Bit Server VM (24.75-b04 mixed mode bsd-amd64 compressed oops)
Heap
 PSYoungGen      total 19968K, used 13612K [0x0000000142800000, 0x0000000143c80000, 0x0000000157d80000)
  eden space 18944K, 66% used [0x0000000142800000,0x000000014345b1b8,0x0000000143a80000)
  from space 1024K, 93% used [0x0000000143b80000,0x0000000143c70000,0x0000000143c80000)
  to   space 1024K, 0% used [0x0000000143a80000,0x0000000143a80000,0x0000000143b80000)
 ParOldGen       total 37376K, used 19233K [0x0000000117d80000, 0x000000011a200000, 0x0000000142800000)
  object space 37376K, 51% used [0x0000000117d80000,0x00000001190486c8,0x000000011a200000)
 PSPermGen       total 42496K, used 21149K [0x0000000112b80000, 0x0000000115500000, 0x0000000117d80000)
  object space 42496K, 49% used [0x0000000112b80000,0x0000000114027628,0x0000000115500000)
GC Heap History (10 events):
Event: 222.538 GC heap before
{Heap before GC invocations=105 (full 1):
 PSYoungGen      total 19968K, used 19680K [0x0000000142800000, 0x0000000143c80000, 0x0000000157d80000)
  eden space 18944K, 100% used [0x0000000142800000,0x0000000143a80000,0x0000000143a80000)
  from space 1024K, 71% used [0x0000000143a80000,0x0000000143b38000,0x0000000143b80000)
  to   space 1024K, 0% used [0x0000000143b80000,0x0000000143b80000,0x0000000143c80000)
 ParOldGen       total 37376K, used 17600K [0x0000000117d80000, 0x000000011a200000, 0x0000000142800000)
  object space 37376K, 47% used [0x0000000117d80000,0x0000000118eb02f8,0x000000011a200000)
 PSPermGen       total 42496K, used 21034K [0x0000000112b80000, 0x0000000115500000, 0x0000000117d80000)
  object space 42496K, 49% used [0x0000000112b80000,0x000000011400abc8,0x0000000115500000)
Event: 222.540 GC heap after
Heap after GC invocations=105 (full 1):
 PSYoungGen      total 19968K, used 512K [0x0000000142800000, 0x0000000143c80000, 0x0000000157d80000)
  eden space 18944K, 0% used [0x0000000142800000,0x0000000142800000,0x0000000143a80000)
  from space 1024K, 50% used [0x0000000143b80000,0x0000000143c00000,0x0000000143c80000)
  to   space 1024K, 0% used [0x0000000143a80000,0x0000000143a80000,0x0000000143b80000)
 ParOldGen       total 37376K, used 18049K [0x0000000117d80000, 0x000000011a200000, 0x0000000142800000)
  object space 37376K, 48% used [0x0000000117d80000,0x0000000118f20418,0x000000011a200000)
 PSPermGen       total 42496K, used 21034K [0x0000000112b80000, 0x0000000115500000, 0x0000000117d80000)
  object space 42496K, 49% used [0x0000000112b80000,0x000000011400abc8,0x0000000115500000)
}
Event: 223.755 GC heap before
{Heap before GC invocations=106 (full 1):
 PSYoungGen      total 19968K, used 19456K [0x0000000142800000, 0x0000000143c80000, 0x0000000157d80000)
  eden space 18944K, 100% used [0x0000000142800000,0x0000000143a80000,0x0000000143a80000)
  from space 1024K, 50% used [0x0000000143b80000,0x0000000143c00000,0x0000000143c80000)
  to   space 1024K, 0% used [0x0000000143a80000,0x0000000143a80000,0x0000000143b80000)
 ParOldGen       total 37376K, used 18049K [0x0000000117d80000, 0x000000011a200000, 0x0000000142800000)
  object space 37376K, 48% used [0x0000000117d80000,0x0000000118f20418,0x000000011a200000)
 PSPermGen       total 42496K, used 21034K [0x0000000112b80000, 0x0000000115500000, 0x0000000117d80000)
  object space 42496K, 49% used [0x0000000112b80000,0x000000011400abc8,0x0000000115500000)
Event: 223.756 GC heap after
Heap after GC invocations=106 (full 1):
 PSYoungGen      total 19968K, used 256K [0x0000000142800000, 0x0000000143c80000, 0x0000000157d80000)
  eden space 18944K, 0% used [0x0000000142800000,0x0000000142800000,0x0000000143a80000)
  from space 1024K, 25% used [0x0000000143a80000,0x0000000143ac0000,0x0000000143b80000)
  to   space 1024K, 0% used [0x0000000143b80000,0x0000000143b80000,0x0000000143c80000)
 ParOldGen       total 37376K, used 18065K [0x0000000117d80000, 0x000000011a200000, 0x0000000142800000)
  object space 37376K, 48% used [0x0000000117d80000,0x0000000118f24418,0x000000011a200000)
 PSPermGen       total 42496K, used 21034K [0x0000000112b80000, 0x0000000115500000, 0x0000000117d80000)
  object space 42496K, 49% used [0x0000000112b80000,0x000000011400abc8,0x0000000115500000)
}
Event: 224.667 GC heap before
{Heap before GC invocations=107 (full 1):
 PSYoungGen      total 19968K, used 19200K [0x0000000142800000, 0x0000000143c80000, 0x0000000157d80000)
  eden space 18944K, 100% used [0x0000000142800000,0x0000000143a80000,0x0000000143a80000)
  from space 1024K, 25% used [0x0000000143a80000,0x0000000143ac0000,0x0000000143b80000)
  to   space 1024K, 0% used [0x0000000143b80000,0x0000000143b80000,0x0000000143c80000)
 ParOldGen       total 37376K, used 18065K [0x0000000117d80000, 0x000000011a200000, 0x0000000142800000)
  object space 37376K, 48% used [0x0000000117d80000,0x0000000118f24418,0x000000011a200000)
 PSPermGen       total 42496K, used 21034K [0x0000000112b80000, 0x0000000115500000, 0x0000000117d80000)
  object space 42496K, 49% used [0x0000000112b80000,0x000000011400abc8,0x0000000115500000)
Event: 224.668 GC heap after
Heap after GC invocations=107 (full 1):
 PSYoungGen      total 19968K, used 384K [0x0000000142800000, 0x0000000143c80000, 0x0000000157d80000)
  eden space 18944K, 0% used [0x0000000142800000,0x0000000142800000,0x0000000143a80000)
  from space 1024K, 37% used [0x0000000143b80000,0x0000000143be0000,0x0000000143c80000)
  to   space 1024K, 0% used [0x0000000143a80000,0x0000000143a80000,0x0000000143b80000)
 ParOldGen       total 37376K, used 18081K [0x0000000117d80000, 0x000000011a200000, 0x0000000142800000)
  object space 37376K, 48% used [0x0000000117d80000,0x0000000118f28418,0x000000011a200000)
 PSPermGen       total 42496K, used 21034K [0x0000000112b80000, 0x0000000115500000, 0x0000000117d80000)
  object space 42496K, 49% used [0x0000000112b80000,0x000000011400abc8,0x0000000115500000)
}
Event: 244.831 GC heap before
{Heap before GC invocations=108 (full 1):
 PSYoungGen      total 19968K, used 19328K [0x0000000142800000, 0x0000000143c80000, 0x0000000157d80000)
  eden space 18944K, 100% used [0x0000000142800000,0x0000000143a80000,0x0000000143a80000)
  from space 1024K, 37% used [0x0000000143b80000,0x0000000143be0000,0x0000000143c80000)
  to   space 1024K, 0% used [0x0000000143a80000,0x0000000143a80000,0x0000000143b80000)
 ParOldGen       total 37376K, used 18081K [0x0000000117d80000, 0x000000011a200000, 0x0000000142800000)
  object space 37376K, 48% used [0x0000000117d80000,0x0000000118f28418,0x000000011a200000)
 PSPermGen       total 42496K, used 21035K [0x0000000112b80000, 0x0000000115500000, 0x0000000117d80000)
  object space 42496K, 49% used [0x0000000112b80000,0x000000011400ae80,0x0000000115500000)
Event: 244.832 GC heap after
Heap after GC invocations=108 (full 1):
 PSYoungGen      total 19968K, used 128K [0x0000000142800000, 0x0000000143c80000, 0x0000000157d80000)
  eden space 18944K, 0% used [0x0000000142800000,0x0000000142800000,0x0000000143a80000)
  from space 1024K, 12% used [0x0000000143a80000,0x0000000143aa0000,0x0000000143b80000)
  to   space 1024K, 0% used [0x0000000143b80000,0x0000000143b80000,0x0000000143c80000)
 ParOldGen       total 37376K, used 18097K [0x0000000117d80000, 0x000000011a200000, 0x0000000142800000)
  object space 37376K, 48% used [0x0000000117d80000,0x0000000118f2c418,0x000000011a200000)
 PSPermGen       total 42496K, used 21035K [0x0000000112b80000, 0x0000000115500000, 0x0000000117d80000)
  object space 42496K, 49% used [0x0000000112b80000,0x000000011400ae80,0x0000000115500000)
}
Event: 260.122 GC heap before
{Heap before GC invocations=109 (full 1):
 PSYoungGen      total 19968K, used 19010K [0x0000000142800000, 0x0000000143c80000, 0x0000000157d80000)
  eden space 18944K, 99% used [0x0000000142800000,0x0000000143a709e0,0x0000000143a80000)
  from space 1024K, 12% used [0x0000000143a80000,0x0000000143aa0000,0x0000000143b80000)
  to   space 1024K, 0% used [0x0000000143b80000,0x0000000143b80000,0x0000000143c80000)
 ParOldGen       total 37376K, used 18097K [0x0000000117d80000, 0x000000011a200000, 0x0000000142800000)
  object space 37376K, 48% used [0x0000000117d80000,0x0000000118f2c418,0x000000011a200000)
 PSPermGen       total 42496K, used 21114K [0x0000000112b80000, 0x0000000115500000, 0x0000000117d80000)
  object space 42496K, 49% used [0x0000000112b80000,0x000000011401e820,0x0000000115500000)
Event: 260.124 GC heap after
Heap after GC invocations=109 (full 1):
 PSYoungGen      total 19968K, used 960K [0x0000000142800000, 0x0000000143c80000, 0x0000000157d80000)
  eden space 18944K, 0% used [0x0000000142800000,0x0000000142800000,0x0000000143a80000)
  from space 1024K, 93% used [0x0000000143b80000,0x0000000143c70000,0x0000000143c80000)
  to   space 1024K, 0% used [0x0000000143a80000,0x0000000143a80000,0x0000000143b80000)
 ParOldGen       total 37376K, used 19233K [0x0000000117d80000, 0x000000011a200000, 0x0000000142800000)
  object space 37376K, 51% used [0x0000000117d80000,0x00000001190486c8,0x000000011a200000)
 PSPermGen       total 42496K, used 21114K [0x0000000112b80000, 0x0000000115500000, 0x0000000117d80000)
  object space 42496K, 49% used [0x0000000112b80000,0x000000011401e820,0x0000000115500000)
}

